\BOOKMARK [1][-]{section*.1}{LETTER OF APPROVAL}{}% 1
\BOOKMARK [1][-]{section*.2}{COPYRIGHT}{}% 2
\BOOKMARK [1][-]{section*.3}{ACKNOWLEDGMENT}{}% 3
\BOOKMARK [1][-]{section*.4}{ABSTRACT}{}% 4
\BOOKMARK [1][-]{section*.5}{TABLE OF CONTENTS}{}% 5
\BOOKMARK [1][-]{section*.5}{TABLE OF CONTENTS}{}% 6
\BOOKMARK [1][-]{section*.6}{LIST OF FIGURES}{}% 7
\BOOKMARK [1][-]{section*.6}{LIST OF FIGURES}{}% 8
\BOOKMARK [1][-]{section*.7}{LIST OF TABLES}{}% 9
\BOOKMARK [1][-]{section*.7}{LIST OF TABLES}{}% 10
\BOOKMARK [1][-]{section*.8}{LIST OF ABBREVIATIONS}{}% 11
\BOOKMARK [1][-]{section.1}{INTRODUCTION}{}% 12
\BOOKMARK [2][-]{subsection.1.1}{Background}{section.1}% 13
\BOOKMARK [2][-]{subsection.1.2}{Objectives}{section.1}% 14
\BOOKMARK [2][-]{subsection.1.3}{Problem Statement}{section.1}% 15
\BOOKMARK [2][-]{subsection.1.4}{Scope}{section.1}% 16
\BOOKMARK [1][-]{section.2}{LITERATURE REVIEW}{}% 17
\BOOKMARK [2][-]{subsection.2.1}{Theory Details}{section.2}% 18
\BOOKMARK [2][-]{subsection.2.2}{Related Work}{section.2}% 19
\BOOKMARK [1][-]{section.3}{METHODOLOGY}{}% 20
\BOOKMARK [2][-]{subsection.3.1}{Data Collection}{section.3}% 21
\BOOKMARK [2][-]{subsection.3.2}{Data Preprocessing}{section.3}% 22
\BOOKMARK [2][-]{subsection.3.3}{Data analysis and visualization}{section.3}% 23
\BOOKMARK [2][-]{subsection.3.4}{Feature Selection}{section.3}% 24
\BOOKMARK [2][-]{subsection.3.5}{Prediction}{section.3}% 25
\BOOKMARK [3][-]{subsubsection.3.5.1}{Prediction using Fundamental Analysis}{subsection.3.5}% 26
\BOOKMARK [3][-]{subsubsection.3.5.2}{Prediction using Technical Analysis }{subsection.3.5}% 27
\BOOKMARK [3][-]{subsubsection.3.5.3}{Prediction using News Sentiment Analysis}{subsection.3.5}% 28
\BOOKMARK [1][-]{section.4}{Software development methodology}{}% 29
\BOOKMARK [2][-]{subsection.4.1}{Software Development Life Cycle}{section.4}% 30
\BOOKMARK [2][-]{subsection.4.2}{Requirement Analysis}{section.4}% 31
\BOOKMARK [3][-]{subsubsection.4.2.1}{Functional Requirements}{subsection.4.2}% 32
\BOOKMARK [3][-]{subsubsection.4.2.2}{ Non-Functional Requirements}{subsection.4.2}% 33
\BOOKMARK [2][-]{subsection.4.3}{Backlog}{section.4}% 34
\BOOKMARK [2][-]{subsection.4.4}{System Design}{section.4}% 35
\BOOKMARK [3][-]{subsubsection.4.4.1}{System Architecture}{subsection.4.4}% 36
\BOOKMARK [3][-]{subsubsection.4.4.2}{UML Diagrams}{subsection.4.4}% 37
\BOOKMARK [2][-]{subsection.4.5}{Tools and Technique}{section.4}% 38
\BOOKMARK [3][-]{subsubsection.4.5.1}{Python}{subsection.4.5}% 39
\BOOKMARK [3][-]{subsubsection.4.5.2}{Pandas}{subsection.4.5}% 40
\BOOKMARK [3][-]{subsubsection.4.5.3}{Scikit-learn}{subsection.4.5}% 41
\BOOKMARK [3][-]{subsubsection.4.5.4}{NumPy}{subsection.4.5}% 42
\BOOKMARK [3][-]{subsubsection.4.5.5}{NLTK}{subsection.4.5}% 43
\BOOKMARK [3][-]{subsubsection.4.5.6}{Django}{subsection.4.5}% 44
\BOOKMARK [3][-]{subsubsection.4.5.7}{Git}{subsection.4.5}% 45
\BOOKMARK [3][-]{subsubsection.4.5.8}{PostgreSQL}{subsection.4.5}% 46
\BOOKMARK [3][-]{subsubsection.4.5.9}{AMCharts}{subsection.4.5}% 47
\BOOKMARK [1][-]{section.5}{EXPERIMENTS AND RESULTS}{}% 48
\BOOKMARK [2][-]{subsection.5.1}{Result from Prediction models}{section.5}% 49
\BOOKMARK [2][-]{subsection.5.2}{Result from Technical Analysis}{section.5}% 50
\BOOKMARK [3][-]{subsubsection.5.2.1}{Regression using ANN}{subsection.5.2}% 51
\BOOKMARK [3][-]{subsubsection.5.2.2}{Classification using ANN}{subsection.5.2}% 52
\BOOKMARK [3][-]{subsubsection.5.2.3}{Classification using KNN}{subsection.5.2}% 53
\BOOKMARK [2][-]{subsection.5.3}{Result from News Sentiment Analysis}{section.5}% 54
\BOOKMARK [3][-]{subsubsection.5.3.1}{Classification using News-sentiment}{subsection.5.3}% 55
\BOOKMARK [3][-]{subsubsection.5.3.2}{Result from Confusion Matrix}{subsection.5.3}% 56
\BOOKMARK [1][-]{section.6}{LIMITATIONS}{}% 57
\BOOKMARK [1][-]{section.7}{CONCLUSION}{}% 58
